Using pre-set license
Built from '2020.2/release' branch; Version is '2020.2.4f1 (becced5a802b) revision 12504301'; Using compiler version '192528614'; Build Type 'Release'
OS: 'Windows 10 Home; OS build 19043.1237; Version 2009; 64bit' Language: 'zh' Physical Memory: 65437 MB
BatchMode: 1, IsHumanControllingUs: 0, StartBugReporterOnCrash: 0, Is64bit: 1, IsPro: 0

 COMMAND LINE ARGUMENTS:
C:\Program Files\Unity\Hub\Editor\2020.2.4f1\Editor\Unity.exe
-adb2
-batchMode
-noUpm
-name
AssetImportWorker0
-projectPath
C:/Users/John/Desktop/Game Develop/12831347-KunChen-Ass3
-logFile
Logs/AssetImportWorker0.log
-srvPort
62795
Successfully changed project path to: C:/Users/John/Desktop/Game Develop/12831347-KunChen-Ass3
C:/Users/John/Desktop/Game Develop/12831347-KunChen-Ass3
Using Asset Import Pipeline V2.
Refreshing native plugins compatible for Editor in 31.86 ms, found 1 plugins.
Preloading 0 native plugins for Editor in 0.00 ms.
Initialize engine version: 2020.2.4f1 (becced5a802b)
[Subsystems] Discovering subsystems at path C:/Program Files/Unity/Hub/Editor/2020.2.4f1/Editor/Data/Resources/UnitySubsystems
[Subsystems] Discovering subsystems at path C:/Users/John/Desktop/Game Develop/12831347-KunChen-Ass3/Assets
GfxDevice: creating device client; threaded=0
Direct3D:
    Version:  Direct3D 11.0 [level 11.1]
    Renderer: NVIDIA GeForce RTX 3090 (ID=0x2204)
    Vendor:   
    VRAM:     24348 MB
    Driver:   30.0.14.7168
Initialize mono
Mono path[0] = 'C:/Program Files/Unity/Hub/Editor/2020.2.4f1/Editor/Data/Managed'
Mono path[1] = 'C:/Program Files/Unity/Hub/Editor/2020.2.4f1/Editor/Data/MonoBleedingEdge/lib/mono/unityjit'
Mono config path = 'C:/Program Files/Unity/Hub/Editor/2020.2.4f1/Editor/Data/MonoBleedingEdge/etc'
Using monoOptions --debugger-agent=transport=dt_socket,embedding=1,server=y,suspend=n,address=127.0.0.1:56592
Begin MonoManager ReloadAssembly
Registering precompiled unity dll's ...
Register platform support module: C:/Program Files/Unity/Hub/Editor/2020.2.4f1/Editor/Data/PlaybackEngines/WindowsStandaloneSupport/UnityEditor.WindowsStandalone.Extensions.dll
Registered in 0.003605 seconds.
Native extension for WindowsStandalone target not found
Refreshing native plugins compatible for Editor in 26.24 ms, found 1 plugins.
Preloading 0 native plugins for Editor in 0.00 ms.
Invoked RoslynAnalysisRunner static constructor.
RoslynAnalysisRunner will not be running.
RoslynAnalysisRunner has terminated.
Mono: successfully reloaded assembly
- Completed reload, in  1.078 seconds
Platform modules already initialized, skipping
Registering precompiled user dll's ...
Registered in 0.001236 seconds.
Begin MonoManager ReloadAssembly
Native extension for WindowsStandalone target not found
Refreshing native plugins compatible for Editor in 26.61 ms, found 1 plugins.
Preloading 0 native plugins for Editor in 0.00 ms.
Invoked RoslynAnalysisRunner static constructor.
RoslynAnalysisRunner will not be running.
RoslynAnalysisRunner has terminated.
Mono: successfully reloaded assembly
- Completed reload, in  0.753 seconds
Platform modules already initialized, skipping
========================================================================
Worker process is ready to serve import requests
Launched and connected shader compiler UnityShaderCompiler.exe after 0.03 seconds
Refreshing native plugins compatible for Editor in 0.32 ms, found 1 plugins.
Preloading 0 native plugins for Editor in 0.00 ms.
Unloading 1798 Unused Serialized files (Serialized files now loaded: 0)
System memory in use before: 84.4 MB.
System memory in use after: 84.4 MB.

Unloading 24 unused Assets to reduce memory usage. Loaded Objects now: 2239.
Total: 1.601600 ms (FindLiveObjects: 0.191700 ms CreateObjectMapping: 0.078800 ms MarkObjects: 1.237400 ms  DeleteObjects: 0.092800 ms)

========================================================================
Received Import Request.
  path: Assets/TileMap/MapPalette.prefab
  artifactKey: Guid(26afc4298eb33ee4fbab62f77deda3d1) Importer(815301076,1909f56bfc062723c751e8b465ee728b)
Start importing Assets/TileMap/MapPalette.prefab using Guid(26afc4298eb33ee4fbab62f77deda3d1) Importer(815301076,1909f56bfc062723c751e8b465ee728b)  -> (artifact id: '054fac75ca89a3876453db222bbaf7bf') in 0.040044 seconds
  Import took 0.042293 seconds .

========================================================================
Received Import Request.
  Time since last request: 37.154143 seconds.
  path: Assets/MapMaterial/InsideWall.png
  artifactKey: Guid(f36e5e596c410d34aaf3c4c96fda60a1) Importer(815301076,1909f56bfc062723c751e8b465ee728b)
Start importing Assets/MapMaterial/InsideWall.png using Guid(f36e5e596c410d34aaf3c4c96fda60a1) Importer(815301076,1909f56bfc062723c751e8b465ee728b)  -> (artifact id: '1db01e8916697e17003b9831f5af4bf9') in 0.082602 seconds
  Import took 0.085012 seconds .

========================================================================
Received Import Request.
  Time since last request: 48.123170 seconds.
  path: Assets/MapMaterial/OutWall.png
  artifactKey: Guid(aaf936d8cbce4044ba1f804c380bcd2f) Importer(815301076,1909f56bfc062723c751e8b465ee728b)
Start importing Assets/MapMaterial/OutWall.png using Guid(aaf936d8cbce4044ba1f804c380bcd2f) Importer(815301076,1909f56bfc062723c751e8b465ee728b)  -> (artifact id: '566805e93f30dca87dea19293d7b0ada') in 0.017697 seconds
  Import took 0.020163 seconds .

========================================================================
Received Import Request.
  Time since last request: 9.315186 seconds.
  path: Assets/MapMaterial/Pallet.png
  artifactKey: Guid(fdc9b6f5ec9d6754c896dcaf8270f579) Importer(815301076,1909f56bfc062723c751e8b465ee728b)
Start importing Assets/MapMaterial/Pallet.png using Guid(fdc9b6f5ec9d6754c896dcaf8270f579) Importer(815301076,1909f56bfc062723c751e8b465ee728b)  -> (artifact id: '6569f993f071d8e042b12c4b0856e87b') in 0.007442 seconds
  Import took 0.009949 seconds .

========================================================================
Received Import Request.
  Time since last request: 0.000316 seconds.
  path: Assets/MapMaterial/Pallet.png
  artifactKey: Guid(fdc9b6f5ec9d6754c896dcaf8270f579) Importer(815301076,1909f56bfc062723c751e8b465ee728b)
Start importing Assets/MapMaterial/Pallet.png using Guid(fdc9b6f5ec9d6754c896dcaf8270f579) Importer(815301076,1909f56bfc062723c751e8b465ee728b)  -> (artifact id: '6569f993f071d8e042b12c4b0856e87b') in 0.007591 seconds
  Import took 0.010129 seconds .

========================================================================
Received Import Request.
  Time since last request: 222.944757 seconds.
  path: Assets/TileMap/OutWall_3 1.asset
  artifactKey: Guid(d811fd7e0de55564e88430c4c675bd3a) Importer(815301076,1909f56bfc062723c751e8b465ee728b)
Start importing Assets/TileMap/OutWall_3 1.asset using Guid(d811fd7e0de55564e88430c4c675bd3a) Importer(815301076,1909f56bfc062723c751e8b465ee728b)  -> (artifact id: '9cef8acbea202ae0fe1742fede5838bb') in 0.019025 seconds
  Import took 0.021785 seconds .

========================================================================
Received Import Request.
  Time since last request: 0.000520 seconds.
  path: Assets/TileMap/OutWall_3 1.asset
  artifactKey: Guid(d811fd7e0de55564e88430c4c675bd3a) Importer(815301076,1909f56bfc062723c751e8b465ee728b)
Start importing Assets/TileMap/OutWall_3 1.asset using Guid(d811fd7e0de55564e88430c4c675bd3a) Importer(815301076,1909f56bfc062723c751e8b465ee728b)  -> (artifact id: '9cef8acbea202ae0fe1742fede5838bb') in 0.004783 seconds
  Import took 0.007151 seconds .

========================================================================
Received Import Request.
  Time since last request: 155.571067 seconds.
  path: Assets/TileMap/MapPalette.prefab
  artifactKey: Guid(26afc4298eb33ee4fbab62f77deda3d1) Importer(815301076,1909f56bfc062723c751e8b465ee728b)
Start importing Assets/TileMap/MapPalette.prefab using Guid(26afc4298eb33ee4fbab62f77deda3d1) Importer(815301076,1909f56bfc062723c751e8b465ee728b)  -> (artifact id: '4cbb1feb40fd9d3c43fb694eb8edc7a5') in 0.007718 seconds
  Import took 0.010507 seconds .

========================================================================
Received Import Request.
  Time since last request: 45.636116 seconds.
  path: Assets/MapMaterial/Pallet.png
  artifactKey: Guid(fdc9b6f5ec9d6754c896dcaf8270f579) Importer(815301076,1909f56bfc062723c751e8b465ee728b)
Start importing Assets/MapMaterial/Pallet.png using Guid(fdc9b6f5ec9d6754c896dcaf8270f579) Importer(815301076,1909f56bfc062723c751e8b465ee728b)  -> (artifact id: '0c9da5c3f10d90132c0631af6297bddc') in 0.007888 seconds
  Import took 0.010441 seconds .

========================================================================
Received Import Request.
  Time since last request: 17.609552 seconds.
  path: Assets/MapMaterial/OutWall.png
  artifactKey: Guid(aaf936d8cbce4044ba1f804c380bcd2f) Importer(815301076,1909f56bfc062723c751e8b465ee728b)
Start importing Assets/MapMaterial/OutWall.png using Guid(aaf936d8cbce4044ba1f804c380bcd2f) Importer(815301076,1909f56bfc062723c751e8b465ee728b)  -> (artifact id: 'f2c0916217dd4df76fb3b4081ff7da35') in 0.015619 seconds
  Import took 0.018140 seconds .

========================================================================
Received Import Request.
  Time since last request: 7.753760 seconds.
  path: Assets/MapMaterial/OutWall.png
  artifactKey: Guid(aaf936d8cbce4044ba1f804c380bcd2f) Importer(815301076,1909f56bfc062723c751e8b465ee728b)
Start importing Assets/MapMaterial/OutWall.png using Guid(aaf936d8cbce4044ba1f804c380bcd2f) Importer(815301076,1909f56bfc062723c751e8b465ee728b)  -> (artifact id: 'a34f21e5bbe8cb5eaf6cde9899d847e7') in 0.016231 seconds
  Import took 0.018748 seconds .

========================================================================
Received Import Request.
  Time since last request: 8.447796 seconds.
  path: Assets/MapMaterial/InsideWall.png
  artifactKey: Guid(f36e5e596c410d34aaf3c4c96fda60a1) Importer(815301076,1909f56bfc062723c751e8b465ee728b)
Start importing Assets/MapMaterial/InsideWall.png using Guid(f36e5e596c410d34aaf3c4c96fda60a1) Importer(815301076,1909f56bfc062723c751e8b465ee728b)  -> (artifact id: 'b118cc135a4de9ec3e79ea190dcb4a13') in 0.012481 seconds
  Import took 0.014965 seconds .

========================================================================
Received Import Request.
  Time since last request: 10.752946 seconds.
  path: Assets/MapMaterial/OutWall.png
  artifactKey: Guid(aaf936d8cbce4044ba1f804c380bcd2f) Importer(815301076,1909f56bfc062723c751e8b465ee728b)
Start importing Assets/MapMaterial/OutWall.png using Guid(aaf936d8cbce4044ba1f804c380bcd2f) Importer(815301076,1909f56bfc062723c751e8b465ee728b)  -> (artifact id: '271628d0ee73bd50d95b0bd01fb81f2b') in 0.014006 seconds
  Import took 0.016544 seconds .

========================================================================
Received Import Request.
  Time since last request: 7.295627 seconds.
  path: Assets/MapMaterial/Pallet.png
  artifactKey: Guid(fdc9b6f5ec9d6754c896dcaf8270f579) Importer(815301076,1909f56bfc062723c751e8b465ee728b)
Start importing Assets/MapMaterial/Pallet.png using Guid(fdc9b6f5ec9d6754c896dcaf8270f579) Importer(815301076,1909f56bfc062723c751e8b465ee728b)  -> (artifact id: '2ac42377cac8158d4e0314c5412a06b4') in 0.007088 seconds
  Import took 0.009496 seconds .

========================================================================
Received Import Request.
  Time since last request: 0.000693 seconds.
  path: Assets/MapMaterial/Pallet.png
  artifactKey: Guid(fdc9b6f5ec9d6754c896dcaf8270f579) Importer(815301076,1909f56bfc062723c751e8b465ee728b)
Start importing Assets/MapMaterial/Pallet.png using Guid(fdc9b6f5ec9d6754c896dcaf8270f579) Importer(815301076,1909f56bfc062723c751e8b465ee728b)  -> (artifact id: '2ac42377cac8158d4e0314c5412a06b4') in 0.007767 seconds
  Import took 0.010268 seconds .

========================================================================
Received Import Request.
  Time since last request: 100.602916 seconds.
  path: Assets/MapMaterial/InsideWall.png
  artifactKey: Guid(f36e5e596c410d34aaf3c4c96fda60a1) Importer(815301076,1909f56bfc062723c751e8b465ee728b)
Start importing Assets/MapMaterial/InsideWall.png using Guid(f36e5e596c410d34aaf3c4c96fda60a1) Importer(815301076,1909f56bfc062723c751e8b465ee728b)  -> (artifact id: '83c5b11df42736bea955f53e92864cbe') in 0.011640 seconds
  Import took 0.014192 seconds .

========================================================================
Received Import Request.
  Time since last request: 3.669489 seconds.
  path: Assets/MapMaterial/OutWall.png
  artifactKey: Guid(aaf936d8cbce4044ba1f804c380bcd2f) Importer(815301076,1909f56bfc062723c751e8b465ee728b)
Start importing Assets/MapMaterial/OutWall.png using Guid(aaf936d8cbce4044ba1f804c380bcd2f) Importer(815301076,1909f56bfc062723c751e8b465ee728b)  -> (artifact id: '4be9e9c14649daf9362855e9cf688d40') in 0.013941 seconds
  Import took 0.016487 seconds .

========================================================================
Received Import Request.
  Time since last request: 4.311763 seconds.
  path: Assets/MapMaterial/Pallet.png
  artifactKey: Guid(fdc9b6f5ec9d6754c896dcaf8270f579) Importer(815301076,1909f56bfc062723c751e8b465ee728b)
Start importing Assets/MapMaterial/Pallet.png using Guid(fdc9b6f5ec9d6754c896dcaf8270f579) Importer(815301076,1909f56bfc062723c751e8b465ee728b)  -> (artifact id: '373777a110eed5a0b9d6875867dce04b') in 0.008108 seconds
  Import took 0.010573 seconds .

========================================================================
Received Import Request.
  Time since last request: 0.006945 seconds.
  path: Assets/MapMaterial/Pallet.png
  artifactKey: Guid(fdc9b6f5ec9d6754c896dcaf8270f579) Importer(815301076,1909f56bfc062723c751e8b465ee728b)
Start importing Assets/MapMaterial/Pallet.png using Guid(fdc9b6f5ec9d6754c896dcaf8270f579) Importer(815301076,1909f56bfc062723c751e8b465ee728b)  -> (artifact id: '373777a110eed5a0b9d6875867dce04b') in 0.008030 seconds
  Import took 0.010665 seconds .

========================================================================
Received Import Request.
  Time since last request: 120.184815 seconds.
  path: Assets/TileMap/Map Palette.prefab
  artifactKey: Guid(1c98372651be4c4439d4548780a5487e) Importer(815301076,1909f56bfc062723c751e8b465ee728b)
Start importing Assets/TileMap/Map Palette.prefab using Guid(1c98372651be4c4439d4548780a5487e) Importer(815301076,1909f56bfc062723c751e8b465ee728b)  -> (artifact id: 'ee15fbca19634a9e466192337bc30308') in 0.006629 seconds
  Import took 0.009363 seconds .

========================================================================
Received Import Request.
  Time since last request: 210.488282 seconds.
  path: Assets/MapMaterial/InsideWall.png
  artifactKey: Guid(f36e5e596c410d34aaf3c4c96fda60a1) Importer(815301076,1909f56bfc062723c751e8b465ee728b)
Start importing Assets/MapMaterial/InsideWall.png using Guid(f36e5e596c410d34aaf3c4c96fda60a1) Importer(815301076,1909f56bfc062723c751e8b465ee728b)  -> (artifact id: '4e2f06160bbd79cc33e3f41e8e59db6d') in 0.012849 seconds
  Import took 0.015540 seconds .

========================================================================
Received Import Request.
  Time since last request: 4.703624 seconds.
  path: Assets/MapMaterial/OutWall.png
  artifactKey: Guid(aaf936d8cbce4044ba1f804c380bcd2f) Importer(815301076,1909f56bfc062723c751e8b465ee728b)
Start importing Assets/MapMaterial/OutWall.png using Guid(aaf936d8cbce4044ba1f804c380bcd2f) Importer(815301076,1909f56bfc062723c751e8b465ee728b)  -> (artifact id: '8db9aa4cef604edda01d2469b39449e7') in 0.015480 seconds
  Import took 0.017973 seconds .

========================================================================
Received Import Request.
  Time since last request: 4.084357 seconds.
  path: Assets/MapMaterial/Pallet.png
  artifactKey: Guid(fdc9b6f5ec9d6754c896dcaf8270f579) Importer(815301076,1909f56bfc062723c751e8b465ee728b)
Start importing Assets/MapMaterial/Pallet.png using Guid(fdc9b6f5ec9d6754c896dcaf8270f579) Importer(815301076,1909f56bfc062723c751e8b465ee728b)  -> (artifact id: '029cff3028118eb2429c967d0cef469f') in 0.007664 seconds
  Import took 0.010127 seconds .

========================================================================
Received Import Request.
  Time since last request: 0.004524 seconds.
  path: Assets/MapMaterial/Pallet.png
  artifactKey: Guid(fdc9b6f5ec9d6754c896dcaf8270f579) Importer(815301076,1909f56bfc062723c751e8b465ee728b)
Start importing Assets/MapMaterial/Pallet.png using Guid(fdc9b6f5ec9d6754c896dcaf8270f579) Importer(815301076,1909f56bfc062723c751e8b465ee728b)  -> (artifact id: '029cff3028118eb2429c967d0cef469f') in 0.007313 seconds
  Import took 0.009874 seconds .

========================================================================
Received Import Request.
  Time since last request: 410.652548 seconds.
  path: Assets/TileMap/Map Palette.prefab
  artifactKey: Guid(1c98372651be4c4439d4548780a5487e) Importer(815301076,1909f56bfc062723c751e8b465ee728b)
Start importing Assets/TileMap/Map Palette.prefab using Guid(1c98372651be4c4439d4548780a5487e) Importer(815301076,1909f56bfc062723c751e8b465ee728b)  -> (artifact id: '17e00b5781bfe7514e3ac1e3c3c2f2f1') in 0.004115 seconds
  Import took 0.007097 seconds .

========================================================================
Received Import Request.
  Time since last request: 1601.788571 seconds.
  path: Assets/MapMaterial/InsideWall.png
  artifactKey: Guid(f36e5e596c410d34aaf3c4c96fda60a1) Importer(815301076,1909f56bfc062723c751e8b465ee728b)
Start importing Assets/MapMaterial/InsideWall.png using Guid(f36e5e596c410d34aaf3c4c96fda60a1) Importer(815301076,1909f56bfc062723c751e8b465ee728b)  -> (artifact id: 'a90b6dc1f24f2834104383df433f7133') in 0.009947 seconds
  Import took 0.012977 seconds .

========================================================================
Received Import Request.
  Time since last request: 0.004866 seconds.
  path: Assets/MapMaterial/InsideWall.png
  artifactKey: Guid(f36e5e596c410d34aaf3c4c96fda60a1) Importer(815301076,1909f56bfc062723c751e8b465ee728b)
Start importing Assets/MapMaterial/InsideWall.png using Guid(f36e5e596c410d34aaf3c4c96fda60a1) Importer(815301076,1909f56bfc062723c751e8b465ee728b)  -> (artifact id: 'a90b6dc1f24f2834104383df433f7133') in 0.005727 seconds
  Import took 0.008380 seconds .

========================================================================
Received Import Request.
  Time since last request: 16.838329 seconds.
  path: Assets/MapMaterial/InsideWall.png
  artifactKey: Guid(f36e5e596c410d34aaf3c4c96fda60a1) Importer(815301076,1909f56bfc062723c751e8b465ee728b)
Start importing Assets/MapMaterial/InsideWall.png using Guid(f36e5e596c410d34aaf3c4c96fda60a1) Importer(815301076,1909f56bfc062723c751e8b465ee728b)  -> (artifact id: 'd93b8a6b6522bd4f1b7a5f582ecf43d5') in 0.005795 seconds
  Import took 0.008252 seconds .

========================================================================
Received Import Request.
  Time since last request: 0.005883 seconds.
  path: Assets/MapMaterial/InsideWall.png
  artifactKey: Guid(f36e5e596c410d34aaf3c4c96fda60a1) Importer(815301076,1909f56bfc062723c751e8b465ee728b)
Start importing Assets/MapMaterial/InsideWall.png using Guid(f36e5e596c410d34aaf3c4c96fda60a1) Importer(815301076,1909f56bfc062723c751e8b465ee728b)  -> (artifact id: 'd93b8a6b6522bd4f1b7a5f582ecf43d5') in 0.004970 seconds
  Import took 0.007446 seconds .

========================================================================
Received Import Request.
  Time since last request: 5.651370 seconds.
  path: Assets/MapMaterial/InsideWall.png
  artifactKey: Guid(f36e5e596c410d34aaf3c4c96fda60a1) Importer(815301076,1909f56bfc062723c751e8b465ee728b)
Start importing Assets/MapMaterial/InsideWall.png using Guid(f36e5e596c410d34aaf3c4c96fda60a1) Importer(815301076,1909f56bfc062723c751e8b465ee728b)  -> (artifact id: '845480d069391963f62681cc217ee86e') in 0.013346 seconds
  Import took 0.015971 seconds .

========================================================================
Received Import Request.
  Time since last request: 399.756783 seconds.
  path: Assets/MapMaterial/InsideWall.png
  artifactKey: Guid(f36e5e596c410d34aaf3c4c96fda60a1) Importer(815301076,1909f56bfc062723c751e8b465ee728b)
Start importing Assets/MapMaterial/InsideWall.png using Guid(f36e5e596c410d34aaf3c4c96fda60a1) Importer(815301076,1909f56bfc062723c751e8b465ee728b)  -> (artifact id: 'f6d3c7d6f9e797c018f7008a87e1eed1') in 0.008550 seconds
  Import took 0.011536 seconds .

========================================================================
Received Import Request.
  Time since last request: 10.093005 seconds.
  path: Assets/MapMaterial/InsideWall.png
  artifactKey: Guid(f36e5e596c410d34aaf3c4c96fda60a1) Importer(815301076,1909f56bfc062723c751e8b465ee728b)
Start importing Assets/MapMaterial/InsideWall.png using Guid(f36e5e596c410d34aaf3c4c96fda60a1) Importer(815301076,1909f56bfc062723c751e8b465ee728b)  -> (artifact id: '719b00827f2531cc286a3da6a7cee787') in 0.005914 seconds
  Import took 0.008446 seconds .

========================================================================
Received Import Request.
  Time since last request: 0.006008 seconds.
  path: Assets/MapMaterial/InsideWall.png
  artifactKey: Guid(f36e5e596c410d34aaf3c4c96fda60a1) Importer(815301076,1909f56bfc062723c751e8b465ee728b)
Start importing Assets/MapMaterial/InsideWall.png using Guid(f36e5e596c410d34aaf3c4c96fda60a1) Importer(815301076,1909f56bfc062723c751e8b465ee728b)  -> (artifact id: '719b00827f2531cc286a3da6a7cee787') in 0.004780 seconds
  Import took 0.007257 seconds .

========================================================================
Received Import Request.
  Time since last request: 4.405680 seconds.
  path: Assets/MapMaterial/InsideWall.png
  artifactKey: Guid(f36e5e596c410d34aaf3c4c96fda60a1) Importer(815301076,1909f56bfc062723c751e8b465ee728b)
Start importing Assets/MapMaterial/InsideWall.png using Guid(f36e5e596c410d34aaf3c4c96fda60a1) Importer(815301076,1909f56bfc062723c751e8b465ee728b)  -> (artifact id: '7e6b478b92126a8fe0644a1fc7e156a2') in 0.012118 seconds
  Import took 0.014711 seconds .

========================================================================
Received Import Request.
  Time since last request: 678.759156 seconds.
  path: Assets/MapMaterial/InsideWall.png
  artifactKey: Guid(f36e5e596c410d34aaf3c4c96fda60a1) Importer(815301076,1909f56bfc062723c751e8b465ee728b)
Start importing Assets/MapMaterial/InsideWall.png using Guid(f36e5e596c410d34aaf3c4c96fda60a1) Importer(815301076,1909f56bfc062723c751e8b465ee728b)  -> (artifact id: '466af6bba05c7907f54ba585edc48eeb') in 0.008090 seconds
  Import took 0.011014 seconds .

========================================================================
Received Import Request.
  Time since last request: 8.381400 seconds.
  path: Assets/MapMaterial/InsideWall.png
  artifactKey: Guid(f36e5e596c410d34aaf3c4c96fda60a1) Importer(815301076,1909f56bfc062723c751e8b465ee728b)
Start importing Assets/MapMaterial/InsideWall.png using Guid(f36e5e596c410d34aaf3c4c96fda60a1) Importer(815301076,1909f56bfc062723c751e8b465ee728b)  -> (artifact id: '9b1e89b16e8a007c790cff69ce5eb486') in 0.005968 seconds
  Import took 0.008503 seconds .

========================================================================
Received Import Request.
  Time since last request: 0.005757 seconds.
  path: Assets/MapMaterial/InsideWall.png
  artifactKey: Guid(f36e5e596c410d34aaf3c4c96fda60a1) Importer(815301076,1909f56bfc062723c751e8b465ee728b)
Start importing Assets/MapMaterial/InsideWall.png using Guid(f36e5e596c410d34aaf3c4c96fda60a1) Importer(815301076,1909f56bfc062723c751e8b465ee728b)  -> (artifact id: '9b1e89b16e8a007c790cff69ce5eb486') in 0.004676 seconds
  Import took 0.007254 seconds .

========================================================================
Received Import Request.
  Time since last request: 4.160726 seconds.
  path: Assets/MapMaterial/InsideWall.png
  artifactKey: Guid(f36e5e596c410d34aaf3c4c96fda60a1) Importer(815301076,1909f56bfc062723c751e8b465ee728b)
Start importing Assets/MapMaterial/InsideWall.png using Guid(f36e5e596c410d34aaf3c4c96fda60a1) Importer(815301076,1909f56bfc062723c751e8b465ee728b)  -> (artifact id: 'b819149105425b9d335890c971701734') in 0.015391 seconds
  Import took 0.018016 seconds .

========================================================================
Received Import Request.
  Time since last request: 5.405482 seconds.
  path: Assets/MapMaterial/InsideWall.png
  artifactKey: Guid(f36e5e596c410d34aaf3c4c96fda60a1) Importer(815301076,1909f56bfc062723c751e8b465ee728b)
Start importing Assets/MapMaterial/InsideWall.png using Guid(f36e5e596c410d34aaf3c4c96fda60a1) Importer(815301076,1909f56bfc062723c751e8b465ee728b)  -> (artifact id: '145cceded6dbccaf66a4ac97b41e5138') in 0.014189 seconds
  Import took 0.016726 seconds .

AssetImportWorkerClient::OnTransportError - code=2 error=End of file
